2025-06-13T20:49:23.441445 [DEBUG] (service_beta.py): metric_cpu_usage=7.91% metric_memory_mb=978MB metric_response_time_ms=308ms - DEBUG - Retrieved user data for user ID 123 from database successfully. 

or 

DEBUG - Failed to cache image thumbnail due to invalid input. Image URL was 'https://example.com/image.jpg'.
2025-06-13T20:49:27.881880 [INFO] (module_alpha.py): metric_cpu_usage=25.15% metric_memory_mb=764MB metric_response_time_ms=69ms - INFO - User authenticated successfully with username "john_doe" and email "johndoe@example.com".
2025-06-13T20:49:30.632777 [DEBUG] (utils_gamma.py): metric_cpu_usage=22.87% metric_memory_mb=1999MB metric_response_time_ms=324ms - DEBUG - Retrieved user credentials from environment variables for API authentication with AWS Lambda.
2025-06-13T20:49:31.995231 [WARNING] (module_alpha.py): metric_cpu_usage=65.09% metric_memory_mb=1051MB metric_response_time_ms=438ms - WARNING - Unexpected data type encountered while processing user input, skipping validation for field "username".
2025-06-13T20:49:33.707691 [INFO] (utils_gamma.py): metric_cpu_usage=23.19% metric_memory_mb=310MB metric_response_time_ms=260ms - INFO - User successfully logged in with username admin and password password123.
2025-06-13T20:49:34.925353 [WARNING] (module_alpha.py): metric_cpu_usage=60.88% metric_memory_mb=517MB metric_response_time_ms=270ms - WARNING: Unable to connect to external API due to invalid API key. Status code: 401.
2025-06-13T20:49:36.982482 [ERROR] (main_delta.py): metric_cpu_usage=12.89% metric_memory_mb=636MB metric_response_time_ms=269ms - Error occurred while sending confirmation email to user john.doe@example.com due to invalid SMTP credentials.
2025-06-13T20:49:38.415607 [CRITICAL] (main_delta.py): metric_cpu_usage=71.46% metric_memory_mb=1064MB metric_response_time_ms=246ms - CRITICAL - Unexpected error encountered during user authentication: Authentication token validation failed due to mismatch in session ID.
2025-06-13T20:49:40.617174 [CRITICAL] (service_beta.py): metric_cpu_usage=11.31% metric_memory_mb=1997MB metric_response_time_ms=64ms - CRITICAL - Database connection failed: unable to connect to PostgreSQL server at host localhost:5432: FATAL: password authentication failed for user postgres
2025-06-13T20:49:42.961741 [ERROR] (service_beta.py): metric_cpu_usage=33.65% metric_memory_mb=923MB metric_response_time_ms=392ms - Error: Unable to connect to MySQL server on host 'database_server': (2003, "Can't connect to MySQL server on 'database_server' ([Errno 111] Connection refused)")
2025-06-13T20:49:46.276166 [INFO] (utils_gamma.py): metric_cpu_usage=36.91% metric_memory_mb=686MB metric_response_time_ms=15ms - 2023-02-20 14:30:00 - INFO - User logged in successfully with credentials admin/admin123.
2025-06-13T20:49:49.535789 [WARNING] (module_alpha.py): metric_cpu_usage=35.2% metric_memory_mb=974MB metric_response_time_ms=338ms - WARNING: Unhandled HTTP request method 'GET' for route '/admin/logout'.
2025-06-13T20:49:52.441140 [CRITICAL] (main_delta.py): metric_cpu_usage=26.92% metric_memory_mb=234MB metric_response_time_ms=451ms - 2023-02-20 14:30:00,123 - CRITICAL - Error occurred while processing payment for order #1234: Unable to verify credit card information.
2025-06-13T20:49:54.830269 [INFO] (utils_gamma.py): metric_cpu_usage=79.47% metric_memory_mb=1251MB metric_response_time_ms=437ms - 2023-02-20 14:30:00 - INFO - User authenticated successfully with username 'admin' and password 'password123'.
2025-06-13T20:49:56.942166 [INFO] (main_delta.py): metric_cpu_usage=77.62% metric_memory_mb=1182MB metric_response_time_ms=422ms - 2023-02-20 14:30:00 INFO Successfully retrieved user data for ID 12345 from MySQL database at localhost:5432.
2025-06-13T20:50:00.354904 [ERROR] (service_beta.py): metric_cpu_usage=35.55% metric_memory_mb=1454MB metric_response_time_ms=55ms - Error parsing JSON data from API request due to missing key 'username' in response body.
2025-06-13T20:50:03.791685 [ERROR] (main_delta.py): metric_cpu_usage=74.33% metric_memory_mb=1760MB metric_response_time_ms=85ms - Error occurred while validating user credentials: invalid username or password provided.
2025-06-13T20:56:29.002737 [INFO] (main_delta.py): metric_cpu_usage=64.59% metric_memory_mb=506MB metric_response_time_ms=472ms - [2023-03-01 14:30:00] INFO - Successfully retrieved user credentials from authentication service. User ID: U12345, Username: john.doe.
2025-06-13T20:56:36.365885 [ERROR] (utils_gamma.py): metric_cpu_usage=16.67% metric_memory_mb=1761MB metric_response_time_ms=403ms - Error occurred while connecting to Redis server at host='localhost', port=6379 due to connection timeout after 5 seconds.
2025-06-13T20:56:37.243750 [WARNING] (main_delta.py): metric_cpu_usage=25.3% metric_memory_mb=999MB metric_response_time_ms=455ms - WARNING: Disk usage at /mnt/logs is approaching critical threshold (85%); taking steps to free up space.
2025-06-13T20:56:38.036683 [WARNING] (service_beta.py): metric_cpu_usage=8.69% metric_memory_mb=418MB metric_response_time_ms=289ms - WARNING - File upload failed due to permission denied error on directory /var/www/uploads.
2025-06-13T20:56:38.614959 [WARNING] (main_delta.py): metric_cpu_usage=35.94% metric_memory_mb=1155MB metric_response_time_ms=91ms - WARNING: File upload failed due to permissions issue on server directory '/var/www/uploads'.
2025-06-13T20:56:39.189302 [DEBUG] (utils_gamma.py): metric_cpu_usage=21.5% metric_memory_mb=575MB metric_response_time_ms=248ms - DEBUG - Loading configuration from /etc/appconfig.json
2025-06-13T20:56:39.563030 [INFO] (main_delta.py): metric_cpu_usage=75.85% metric_memory_mb=1897MB metric_response_time_ms=311ms - [2023-02-16 14:30:00] INFO - User "admin" successfully logged in from IP address 192.168.1.100.
2025-06-13T20:56:40.721914 [CRITICAL] (service_beta.py): metric_cpu_usage=37.0% metric_memory_mb=2037MB metric_response_time_ms=475ms - CRITICAL - Database connection failed due to invalid username and password: "psycopg2 (libpq) dataype mismatch"
2025-06-13T20:56:41.599204 [WARNING] (module_alpha.py): metric_cpu_usage=36.65% metric_memory_mb=1983MB metric_response_time_ms=115ms - WARNING: Unable to connect to Redis server at host 127.0.0.1:6379, retrying in 5 seconds...
2025-06-13T20:56:42.601046 [WARNING] (main_delta.py): metric_cpu_usage=36.74% metric_memory_mb=773MB metric_response_time_ms=446ms - WARNING: Unexpected character encountered while parsing JSON response from API endpoint https://example.com/data, skipping remaining data.
2025-06-13T20:56:43.339291 [WARNING] (module_alpha.py): metric_cpu_usage=31.06% metric_memory_mb=1784MB metric_response_time_ms=106ms - WARNING - Unable to connect to Redis server on localhost:6379 due to timeout.
2025-06-13T20:56:43.916656 [ERROR] (module_alpha.py): metric_cpu_usage=54.13% metric_memory_mb=1504MB metric_response_time_ms=486ms - Error occurred while connecting to Redis server at redis:6379: Connection timeout after 5 seconds.
2025-06-13T20:56:44.608634 [WARNING] (service_beta.py): metric_cpu_usage=70.28% metric_memory_mb=782MB metric_response_time_ms=367ms - WARNING: Unable to connect to remote server at IP address 192.168.1.100 due to network timeout.
2025-06-13T20:56:45.413303 [CRITICAL] (service_beta.py): metric_cpu_usage=7.42% metric_memory_mb=562MB metric_response_time_ms=317ms - CRITICAL - Failed to authenticate user with credentials due to invalid username or password.
2025-06-13T20:56:45.968821 [DEBUG] (module_alpha.py): metric_cpu_usage=22.37% metric_memory_mb=1761MB metric_response_time_ms=267ms - DEBUG - Attempting to fetch user data from external API for user ID 1234.
2025-06-13T20:56:46.588841 [ERROR] (service_beta.py): metric_cpu_usage=33.15% metric_memory_mb=223MB metric_response_time_ms=33ms - Error occurred while connecting to API endpoint due to invalid credentials for user 'admin'.
2025-06-13T20:56:47.144777 [CRITICAL] (main_delta.py): metric_cpu_usage=48.53% metric_memory_mb=1390MB metric_response_time_ms=126ms - [CRITICAL] Failed to initialize authentication token, unable to proceed with login process.
2025-06-13T20:56:47.731373 [ERROR] (service_beta.py): metric_cpu_usage=64.1% metric_memory_mb=1222MB metric_response_time_ms=251ms - ERROR Failed to authenticate user due to invalid credentials for email user@example.com.
2025-06-13T20:56:48.249002 [DEBUG] (service_beta.py): metric_cpu_usage=17.86% metric_memory_mb=225MB metric_response_time_ms=472ms - `DEBUG - Processing request for user account with ID 12345, attempting to update profile information.`
2025-06-13T20:56:48.936320 [CRITICAL] (main_delta.py): metric_cpu_usage=47.14% metric_memory_mb=591MB metric_response_time_ms=360ms - CRITICAL - Failed to initialize Redis connection at host 'localhost' on port 6379 due to unknown error.
2025-06-13T20:56:49.720988 [INFO] (service_beta.py): metric_cpu_usage=9.44% metric_memory_mb=1505MB metric_response_time_ms=75ms - INFO - User logged in successfully with username "john_doe" and session ID "Session1234".
2025-06-13T20:56:50.438863 [DEBUG] (service_beta.py): metric_cpu_usage=70.79% metric_memory_mb=902MB metric_response_time_ms=228ms - 2023-02-16 14:30:00 DEBUG Starting request to fetch user data for session ID 1234.
2025-06-13T20:56:51.332873 [CRITICAL] (module_alpha.py): metric_cpu_usage=35.16% metric_memory_mb=1967MB metric_response_time_ms=368ms - CRITICAL - Unexpected error occurred during API request: HTTPError('404 Client Error: Not Found for url')
2025-06-13T20:56:52.090101 [CRITICAL] (module_alpha.py): metric_cpu_usage=22.72% metric_memory_mb=2004MB metric_response_time_ms=442ms - CRITICAL - Database connection failed due to invalid credentials for user 'admin' at localhost:5432.
2025-06-13T20:56:52.807587 [ERROR] (module_alpha.py): metric_cpu_usage=53.09% metric_memory_mb=1845MB metric_response_time_ms=78ms - Error occurred while connecting to Redis server on port 6379: Connection timed out.
2025-06-13T20:56:53.413778 [INFO] (module_alpha.py): metric_cpu_usage=40.95% metric_memory_mb=1942MB metric_response_time_ms=278ms - 2023-02-20 14:30:00 INFO User account 'john_doe' successfully authenticated with username/password combination. Login session ID: ABC1234567
2025-06-13T20:56:54.596313 [ERROR] (service_beta.py): metric_cpu_usage=64.39% metric_memory_mb=1974MB metric_response_time_ms=450ms - Error occurred while sending email to user via SMTP server due to invalid recipient email address.
2025-06-13T20:56:55.205894 [INFO] (utils_gamma.py): metric_cpu_usage=33.07% metric_memory_mb=550MB metric_response_time_ms=455ms - INFO - User John logged in successfully with credentials johndoe@company.com.
2025-06-13T20:56:55.807517 [INFO] (service_beta.py): metric_cpu_usage=50.58% metric_memory_mb=1013MB metric_response_time_ms=16ms - 2023-02-20 14:30:00,123 INFO [RequestHandler] User 'admin' successfully logged in with IP address '192.168.1.100'.
2025-06-13T20:56:57.058783 [INFO] (main_delta.py): metric_cpu_usage=12.43% metric_memory_mb=880MB metric_response_time_ms=211ms - INFO - Retrieved user data for user_id=12345 from database at localhost:5432 in 12ms.
2025-06-13T20:56:57.834148 [ERROR] (service_beta.py): metric_cpu_usage=25.04% metric_memory_mb=1362MB metric_response_time_ms=269ms - Error occurred while reading configuration file /etc/app.config.
2025-06-13T20:56:58.257457 [WARNING] (utils_gamma.py): metric_cpu_usage=53.32% metric_memory_mb=391MB metric_response_time_ms=335ms - WARNING - Unexpected response from API endpoint: 'https://example.com/api/endpoint' resulted in status code 500. Re-attempting request in 5 seconds.
2025-06-13T20:56:59.398007 [CRITICAL] (module_alpha.py): metric_cpu_usage=43.38% metric_memory_mb=2028MB metric_response_time_ms=456ms - CRITICAL - Database connection failed: unable to establish SSL connection to host 'localhost' on port 5433.
2025-06-13T20:57:00.177376 [ERROR] (module_alpha.py): metric_cpu_usage=77.69% metric_memory_mb=1915MB metric_response_time_ms=428ms - Error occured while reading from configuration file config.json, unable to parse key 'database_host' as valid hostname.
2025-06-13T20:57:00.933535 [ERROR] (module_alpha.py): metric_cpu_usage=26.76% metric_memory_mb=1675MB metric_response_time_ms=279ms - Error occurred while processing payment for order #1234: Unable to authenticate with Stripe API due to invalid API key.
2025-06-13T20:57:01.703295 [DEBUG] (main_delta.py): metric_cpu_usage=69.63% metric_memory_mb=1267MB metric_response_time_ms=127ms - DEBUG - Retrieved user credentials from local storage successfully
2025-06-13T20:57:02.038940 [CRITICAL] (module_alpha.py): metric_cpu_usage=58.48% metric_memory_mb=1645MB metric_response_time_ms=338ms - CRITICAL - Database connection failed due to authentication error: Unable to connect to PostgreSQL database on port 5432 using username 'app_user' with password 'password123'.
2025-06-13T20:57:03.173321 [WARNING] (service_beta.py): metric_cpu_usage=6.33% metric_memory_mb=1804MB metric_response_time_ms=308ms - WARNING: Unexpected error parsing configuration file /etc/config.json: Invalid value for key 'timeout'
2025-06-13T20:57:03.828048 [WARNING] (service_beta.py): metric_cpu_usage=58.96% metric_memory_mb=1398MB metric_response_time_ms=296ms - WARNING: File upload interrupted due to network connection timeout on host '192.168.1.100'. Attempting retry in 5 seconds.
2025-06-13T20:57:04.783775 [CRITICAL] (service_beta.py): metric_cpu_usage=37.7% metric_memory_mb=226MB metric_response_time_ms=42ms - CRITICAL - Fatal error: Unable to connect to remote API due to certificate verification failure for URL https://api.example.com/data.
2025-06-13T20:57:05.658345 [CRITICAL] (utils_gamma.py): metric_cpu_usage=23.65% metric_memory_mb=1704MB metric_response_time_ms=239ms - CRITICAL - Exception raised while processing payment for user XYZ, error code 500 Internal Server Error.
2025-06-13T20:57:06.330442 [ERROR] (utils_gamma.py): metric_cpu_usage=32.15% metric_memory_mb=608MB metric_response_time_ms=321ms - Error occurred while parsing JSON response from API call: "Invalid character value for attribute"
2025-06-13T20:57:06.912349 [CRITICAL] (service_beta.py): metric_cpu_usage=12.05% metric_memory_mb=1891MB metric_response_time_ms=249ms - ERROR: Failed to validate user credentials, authentication process terminated due to invalid username or password.
2025-06-13T20:57:07.525691 [DEBUG] (service_beta.py): metric_cpu_usage=49.74% metric_memory_mb=1434MB metric_response_time_ms=131ms - DEBUG - Established connection with database server on port 3306. Query execution time for SELECT * FROM users is 12ms.
2025-06-13T20:57:08.406096 [ERROR] (main_delta.py): metric_cpu_usage=27.0% metric_memory_mb=481MB metric_response_time_ms=428ms - Error occurred while fetching user data from PostgreSQL database at host 'db-server' due to invalid credentials.
2025-06-13T20:57:09.091625 [DEBUG] (main_delta.py): metric_cpu_usage=19.64% metric_memory_mb=899MB metric_response_time_ms=63ms - DEBUG - Retrieved user data for user ID 123 from database session.
2025-06-13T20:57:09.581014 [ERROR] (service_beta.py): metric_cpu_usage=19.5% metric_memory_mb=812MB metric_response_time_ms=322ms - Error occurred while connecting to API gateway due to invalid credentials.
2025-06-13T20:57:10.009127 [INFO] (utils_gamma.py): metric_cpu_usage=39.73% metric_memory_mb=1081MB metric_response_time_ms=471ms - INFO - User login successful for user "admin" with IP address 192.168.1.100.
2025-06-13T20:57:10.782129 [INFO] (service_beta.py): metric_cpu_usage=67.94% metric_memory_mb=1619MB metric_response_time_ms=290ms - INFO - User logged in successfully with credentials username=john doe, password=hashedpassword123.
2025-06-13T20:57:11.443952 [CRITICAL] (utils_gamma.py): metric_cpu_usage=16.98% metric_memory_mb=1840MB metric_response_time_ms=468ms - CRITICAL - Unexpected error occurred while processing payment for user ID 1234: unable to authenticate card details due to invalid API response from payment gateway 'Stripe'.
2025-06-13T20:57:12.516017 [INFO] (main_delta.py): metric_cpu_usage=30.12% metric_memory_mb=1428MB metric_response_time_ms=169ms - [2024-03-16 14:30:00] INFO: Successfully loaded user data for account ID 12345 from MySQL database at localhost:3306.
2025-06-13T20:57:13.670847 [DEBUG] (module_alpha.py): metric_cpu_usage=70.33% metric_memory_mb=740MB metric_response_time_ms=377ms - DEBUG - Retrieved user data for user ID 1234 from database.
2025-06-13T20:57:14.164681 [WARNING] (service_beta.py): metric_cpu_usage=43.66% metric_memory_mb=1885MB metric_response_time_ms=331ms - WARNING: Unable to parse JSON data from API request due to malformed response body
2025-06-13T20:57:14.682778 [ERROR] (utils_gamma.py): metric_cpu_usage=25.68% metric_memory_mb=1947MB metric_response_time_ms=500ms - Error occurred while connecting to remote API endpoint: https://api.example.com/users - Received HTTP status code 500 from server.
2025-06-13T20:57:15.518670 [DEBUG] (service_beta.py): metric_cpu_usage=58.3% metric_memory_mb=731MB metric_response_time_ms=252ms - DEBUG - Retrieved 25 user records from MySQL database in 0.053 seconds.
2025-06-13T20:57:16.102514 [INFO] (utils_gamma.py): metric_cpu_usage=36.7% metric_memory_mb=260MB metric_response_time_ms=453ms - INFO - Starting user authentication process for username "johndoe".
2025-06-13T20:57:16.590950 [ERROR] (utils_gamma.py): metric_cpu_usage=65.69% metric_memory_mb=1634MB metric_response_time_ms=496ms - Error occurred while sending email notification to user account jsmith@example.com due to SMTP server connection timeout.
2025-06-13T20:57:17.275874 [DEBUG] (utils_gamma.py): metric_cpu_usage=27.07% metric_memory_mb=1656MB metric_response_time_ms=238ms - DEBUG - Completed loading configuration from /etc/myapp/config.json with 5 sections processed in 12ms
2025-06-13T20:57:17.986195 [DEBUG] (service_beta.py): metric_cpu_usage=15.14% metric_memory_mb=539MB metric_response_time_ms=229ms - 2023-02-20 14:30:00 - DEBUG - Retrieved user credentials for authentication from the database.
2025-06-13T20:57:18.784007 [DEBUG] (main_delta.py): metric_cpu_usage=66.4% metric_memory_mb=1594MB metric_response_time_ms=16ms - ```
DEBUG - Query executed successfully in 12ms: SELECT * FROM users WHERE id = 123
```
2025-06-13T20:57:19.556722 [ERROR] (module_alpha.py): metric_cpu_usage=24.91% metric_memory_mb=820MB metric_response_time_ms=340ms - Error occurred while connecting to external API service due to SSL certificate verification failure.
2025-06-13T20:57:20.077601 [WARNING] (utils_gamma.py): metric_cpu_usage=30.36% metric_memory_mb=1129MB metric_response_time_ms=61ms - WARNING - Failed to send email notification due to SMTP connection timeout: Connection timed out after 30 seconds.
2025-06-13T20:57:20.795747 [INFO] (service_beta.py): metric_cpu_usage=6.53% metric_memory_mb=1187MB metric_response_time_ms=461ms - 2023-03-02 14:30:00 INFO Processed user request for user_id=1234, operation completed successfully.
2025-06-13T20:57:21.732533 [DEBUG] (main_delta.py): metric_cpu_usage=63.83% metric_memory_mb=1168MB metric_response_time_ms=302ms - ```
2023-02-20 14:30:00 - DEBUG - Loaded configuration from /etc/myapp/config.json successfully.
```
2025-06-13T20:57:22.707338 [INFO] (module_alpha.py): metric_cpu_usage=79.8% metric_memory_mb=542MB metric_response_time_ms=285ms - INFO - User with ID 123 logged in successfully from IP address 192.168.1.100.
2025-06-13T20:57:23.458300 [DEBUG] (main_delta.py): metric_cpu_usage=73.15% metric_memory_mb=1936MB metric_response_time_ms=497ms - DEBUG - Loaded configuration from YAML file at '/config/config.yaml'
2025-06-13T20:57:23.923167 [CRITICAL] (utils_gamma.py): metric_cpu_usage=75.51% metric_memory_mb=987MB metric_response_time_ms=245ms - CRITICAL - Unable to establish connection with Redis server on host 'localhost' due to timeout error after 5 seconds.
2025-06-13T20:57:24.728179 [CRITICAL] (service_beta.py): metric_cpu_usage=11.39% metric_memory_mb=511MB metric_response_time_ms=79ms - CRITICAL - Database connection failed due to invalid username 'invalid_user' when attempting to connect to PostgreSQL server at host 'localhost' on port 5432.
2025-06-13T20:57:25.778470 [CRITICAL] (main_delta.py): metric_cpu_usage=54.95% metric_memory_mb=803MB metric_response_time_ms=436ms - CRITICAL - Failed to establish secure connection with server due to invalid SSL certificate.
2025-06-13T20:57:26.322941 [INFO] (module_alpha.py): metric_cpu_usage=78.44% metric_memory_mb=630MB metric_response_time_ms=301ms - INFO - Received request from user John Doe for password reset
2025-06-13T20:57:26.732255 [WARNING] (module_alpha.py): metric_cpu_usage=57.64% metric_memory_mb=131MB metric_response_time_ms=153ms - WARNING: Invalid data received from API endpoint, skipping data processing for order #12345
2025-06-13T20:57:27.316773 [CRITICAL] (main_delta.py): metric_cpu_usage=23.73% metric_memory_mb=962MB metric_response_time_ms=436ms - CRITICAL - Unexpected error during payment processing: Unable to authenticate customer credit card.
2025-06-13T20:57:27.875696 [CRITICAL] (utils_gamma.py): metric_cpu_usage=9.11% metric_memory_mb=1156MB metric_response_time_ms=444ms - CRITICAL - Database connection failed due to invalid credentials for user 'admin' on host 'localhost'.
2025-06-13T20:57:28.546666 [ERROR] (service_beta.py): metric_cpu_usage=54.03% metric_memory_mb=1240MB metric_response_time_ms=434ms - Error occurred while sending email notification to user johndoe due to SMTP connection timeout
2025-06-13T20:57:29.136614 [DEBUG] (main_delta.py): metric_cpu_usage=49.89% metric_memory_mb=1846MB metric_response_time_ms=394ms - 2023-02-16 14:30:00,123 DEBUG - Received user authentication request for username "john_doe" with IP address "192.168.1.100" from web browser session ID "abc123".
2025-06-13T20:57:30.712789 [WARNING] (service_beta.py): metric_cpu_usage=76.28% metric_memory_mb=453MB metric_response_time_ms=217ms - WARNING - Unexpected IOException occurred while reading configuration file: unable to parse key-value pair 'api_key' due to malformed JSON format.
2025-06-13T20:57:31.589808 [CRITICAL] (module_alpha.py): metric_cpu_usage=21.82% metric_memory_mb=1719MB metric_response_time_ms=138ms - `CRITICAL - Error fetching data from external API due to invalid JSON response from https://api.example.com/data`

OR 

`CRITICAL - Connection refused to database at 192.168.1.100:3306, unable to establish connection`
2025-06-13T20:57:33.246483 [DEBUG] (module_alpha.py): metric_cpu_usage=68.56% metric_memory_mb=247MB metric_response_time_ms=365ms - 2023-02-20 14:30:00 - DEBUG - Retrieved 127 user records from database in 34 milliseconds.
2025-06-13T20:57:34.160710 [WARNING] (service_beta.py): metric_cpu_usage=58.11% metric_memory_mb=1018MB metric_response_time_ms=275ms - WARNING - Unrecognized input data format encountered for CSV import; skipping invalid records.
2025-06-13T20:57:34.712026 [CRITICAL] (module_alpha.py): metric_cpu_usage=33.03% metric_memory_mb=1646MB metric_response_time_ms=386ms - CRITICAL - Disk space exceeded warning: remaining storage capacity on server reached 85% threshold, prompting disk quota alert for admin review.
2025-06-13T20:57:35.625808 [INFO] (module_alpha.py): metric_cpu_usage=65.62% metric_memory_mb=513MB metric_response_time_ms=81ms - 2023-02-20 14:30:00 INFO - User with ID 123 logged in successfully from IP address 192.168.1.100
2025-06-13T20:57:36.728758 [DEBUG] (module_alpha.py): metric_cpu_usage=56.24% metric_memory_mb=871MB metric_response_time_ms=302ms - 2023-02-20 14:30:00 - DEBUG - Retrieved 427 records from 'users' table in 0.12 seconds. Query: SELECT * FROM users WHERE id = 123; Parameters: {}
2025-06-13T20:57:38.243821 [CRITICAL] (service_beta.py): metric_cpu_usage=11.12% metric_memory_mb=541MB metric_response_time_ms=118ms - CRITICAL - Connection to RabbitMQ server failed at host 'rabbitmq-01': ConnectionError('Connection refused')
2025-06-13T20:57:39.030182 [INFO] (main_delta.py): metric_cpu_usage=45.99% metric_memory_mb=1868MB metric_response_time_ms=151ms - INFO - User with ID 123 logged in successfully from IP address 192.168.1.100
2025-06-13T20:57:39.745142 [WARNING] (main_delta.py): metric_cpu_usage=31.21% metric_memory_mb=1806MB metric_response_time_ms=384ms - WARNING: Unable to connect to API endpoint due to invalid JWT token: Signature has expired
2025-06-13T20:57:40.331689 [DEBUG] (utils_gamma.py): metric_cpu_usage=78.59% metric_memory_mb=172MB metric_response_time_ms=284ms - DEBUG - Retrieved user profile information for user ID 1234 from database in 0.05 seconds.
2025-06-13T20:57:41.038526 [ERROR] (main_delta.py): metric_cpu_usage=64.54% metric_memory_mb=328MB metric_response_time_ms=353ms - Error occured while connecting to Redis at host 'redis://localhost'.
2025-06-13T20:57:41.497261 [INFO] (service_beta.py): metric_cpu_usage=37.02% metric_memory_mb=1282MB metric_response_time_ms=403ms - INFO - Connected to Redis server at host 127.0.0.1 and port 6379 successfully.
2025-06-13T20:57:42.272927 [DEBUG] (main_delta.py): metric_cpu_usage=50.58% metric_memory_mb=734MB metric_response_time_ms=483ms - DEBUG - Retrieved user credentials from cache for ID 1234.
2025-06-13T20:57:42.734017 [ERROR] (service_beta.py): metric_cpu_usage=67.25% metric_memory_mb=716MB metric_response_time_ms=477ms - ERROR - Unable to connect to AWS S3 bucket due to invalid access key credentials.
2025-06-13T20:57:43.314050 [DEBUG] (service_beta.py): metric_cpu_usage=40.35% metric_memory_mb=1187MB metric_response_time_ms=78ms - [2023-02-20 14:30:00,123] DEBUG - Successfully resolved hostname for remote server 'example.com' in 45ms
2025-06-13T20:57:44.385280 [WARNING] (module_alpha.py): metric_cpu_usage=30.15% metric_memory_mb=758MB metric_response_time_ms=356ms - WARNING: Unable to authenticate user due to invalid username or password provided.
2025-06-13T20:57:44.877183 [WARNING] (service_beta.py): metric_cpu_usage=13.53% metric_memory_mb=1111MB metric_response_time_ms=22ms - WARNING: Unable to write data to disk due to insufficient free space (0% remaining) on / filesystem.
2025-06-13T20:57:45.611634 [INFO] (utils_gamma.py): metric_cpu_usage=59.48% metric_memory_mb=871MB metric_response_time_ms=22ms - INFO - User with ID 123 logged in successfully from IP address 192.168.1.100.
2025-06-13T20:57:46.364886 [ERROR] (module_alpha.py): metric_cpu_usage=75.64% metric_memory_mb=1490MB metric_response_time_ms=165ms - Error occurred while parsing JSON response from API endpoint. Invalid response format received for request to https://example.com/api/data.
2025-06-13T20:57:47.181890 [CRITICAL] (module_alpha.py): metric_cpu_usage=48.58% metric_memory_mb=1341MB metric_response_time_ms=30ms - CRITICAL - Database connection failed due to invalid username: Invalid username or password specified.
2025-06-13T20:57:47.770372 [ERROR] (service_beta.py): metric_cpu_usage=10.05% metric_memory_mb=1639MB metric_response_time_ms=386ms - 2023-02-20 14:30:00,123 ERROR Failed to retrieve user data from database due to invalid query syntax.
2025-06-13T20:57:48.703425 [CRITICAL] (service_beta.py): metric_cpu_usage=71.67% metric_memory_mb=1761MB metric_response_time_ms=380ms - ERROR: Unexpected database connection error: Unable to establish SSL connection to PostgreSQL on host 'localhost' due to invalid certificate.
2025-06-13T20:57:49.512631 [WARNING] (service_beta.py): metric_cpu_usage=5.55% metric_memory_mb=1074MB metric_response_time_ms=350ms - WARNING Unable to connect to Redis server at localhost:6379: Connection timeout after 5 seconds
2025-06-13T20:57:50.167266 [WARNING] (utils_gamma.py): metric_cpu_usage=53.06% metric_memory_mb=1618MB metric_response_time_ms=291ms - WARNING: Unable to retrieve user data for user ID 1234 due to invalid authentication token.
2025-06-13T20:57:50.812006 [CRITICAL] (utils_gamma.py): metric_cpu_usage=47.35% metric_memory_mb=199MB metric_response_time_ms=480ms - CRITICAL - Database connection failed due to invalid credentials for PostgreSQL database at host 'localhost' and port 5432.
2025-06-13T20:57:51.622152 [DEBUG] (module_alpha.py): metric_cpu_usage=16.25% metric_memory_mb=1971MB metric_response_time_ms=57ms - 2023-02-20 14:30:00,123 - DEBUG - Successfully fetched user data for user ID 1234 from SQLite database at /home/app/user_data.db
2025-06-13T20:57:52.848389 [INFO] (service_beta.py): metric_cpu_usage=26.94% metric_memory_mb=149MB metric_response_time_ms=379ms - INFO - User account with ID 1234 successfully logged in from IP address 192.168.1.100.
2025-06-13T20:57:53.667693 [ERROR] (utils_gamma.py): metric_cpu_usage=52.05% metric_memory_mb=1313MB metric_response_time_ms=27ms - ERROR: Failed to authenticate user due to invalid password. User ID: JohnDoe, Attempt Count: 3.
2025-06-13T20:57:54.480740 [DEBUG] (main_delta.py): metric_cpu_usage=21.63% metric_memory_mb=1632MB metric_response_time_ms=41ms - DEBUG - Retrieved user credentials from cache for session ID: S123456, username: johndoe
2025-06-13T20:57:55.199196 [CRITICAL] (service_beta.py): metric_cpu_usage=64.72% metric_memory_mb=1399MB metric_response_time_ms=16ms - CRITICAL - Fatal error occurred while processing user data: TypeError at line 217 in /home/user/app.py: unable to serialize object of type 'threading.Thread'
2025-06-13T20:57:56.333182 [INFO] (module_alpha.py): metric_cpu_usage=15.55% metric_memory_mb=742MB metric_response_time_ms=214ms - INFO - User 'admin' logged in successfully from IP address '192.168.1.100'.
2025-06-13T20:57:57.051906 [CRITICAL] (service_beta.py): metric_cpu_usage=62.19% metric_memory_mb=1433MB metric_response_time_ms=277ms - CRITICAL - Unable to connect to SMTP server on port 587: Connection timed out after 30 seconds.
2025-06-13T20:57:57.798557 [WARNING] (service_beta.py): metric_cpu_usage=15.57% metric_memory_mb=1449MB metric_response_time_ms=77ms - WARNING: Failed to update user preferences due to invalid input data: username cannot be empty.
2025-06-13T20:57:58.416415 [INFO] (module_alpha.py): metric_cpu_usage=9.91% metric_memory_mb=1613MB metric_response_time_ms=453ms - INFO - User logged in successfully with credentials admin/123456.
2025-06-13T20:57:58.879158 [DEBUG] (utils_gamma.py): metric_cpu_usage=59.68% metric_memory_mb=1617MB metric_response_time_ms=99ms - DEBUG - Retrieved user profile information for user_id = 12345 from database in 12ms
2025-06-13T20:57:59.526640 [CRITICAL] (utils_gamma.py): metric_cpu_usage=27.32% metric_memory_mb=1211MB metric_response_time_ms=453ms - CRITICAL - Unable to connect to Redis server on port 6379, timeout after 10 seconds.
2025-06-13T20:58:00.232625 [INFO] (utils_gamma.py): metric_cpu_usage=29.81% metric_memory_mb=1511MB metric_response_time_ms=175ms - INFO - User with ID 1234 has logged in successfully from IP address 192.168.1.100.
2025-06-13T20:58:01.035856 [CRITICAL] (module_alpha.py): metric_cpu_usage=11.37% metric_memory_mb=1298MB metric_response_time_ms=35ms - [CRITICAL] Unexpected error while processing payment: Stripe API returned status code 402 for transaction ID ST-12345
2025-06-13T20:58:01.844688 [CRITICAL] (utils_gamma.py): metric_cpu_usage=43.77% metric_memory_mb=1257MB metric_response_time_ms=260ms - ```
CRITICAL - Database connection lost due to unknown error
```
2025-06-13T20:58:02.324240 [CRITICAL] (utils_gamma.py): metric_cpu_usage=57.88% metric_memory_mb=739MB metric_response_time_ms=347ms - CRITICAL - Unexpected error during user authentication: Username 'admin' has been disabled by administrator.
2025-06-13T20:58:02.966078 [CRITICAL] (main_delta.py): metric_cpu_usage=53.94% metric_memory_mb=1122MB metric_response_time_ms=441ms - CRITICAL - Unexpected error during authentication with LDAP server: Unable to bind user 'admin' due to invalid credentials.
2025-06-13T20:58:03.730635 [INFO] (module_alpha.py): metric_cpu_usage=50.34% metric_memory_mb=1326MB metric_response_time_ms=496ms - INFO - User with id 12345 logged in successfully from IP address 192.168.1.100 using Chrome browser version 96.0.4664.45.
2025-06-13T20:58:04.926185 [INFO] (utils_gamma.py): metric_cpu_usage=26.83% metric_memory_mb=308MB metric_response_time_ms=92ms - 2023-02-20 14:30:00 INFO - User login successful for username admin from IP address 192.168.1.100.
2025-06-13T20:58:05.981652 [WARNING] (utils_gamma.py): metric_cpu_usage=13.74% metric_memory_mb=154MB metric_response_time_ms=152ms - WARNING: Unable to connect to external API due to invalid SSL certificate.
2025-06-13T20:58:06.480691 [DEBUG] (module_alpha.py): metric_cpu_usage=78.93% metric_memory_mb=1126MB metric_response_time_ms=292ms - DEBUG - Retrieved user credentials from cache for user ID 1234.
2025-06-13T20:58:06.966119 [WARNING] (module_alpha.py): metric_cpu_usage=29.38% metric_memory_mb=1364MB metric_response_time_ms=109ms - WARNING: Failed to send email notification due to SMTP server timeout: Connection timed out after 30 seconds to server smtp.example.com.
2025-06-13T20:58:07.838403 [DEBUG] (main_delta.py): metric_cpu_usage=73.95% metric_memory_mb=836MB metric_response_time_ms=496ms - 2023-02-20 14:30:00 - DEBUG - Established connection to Redis instance on port 6379 with latency of 23ms.
2025-06-13T20:58:08.901637 [INFO] (service_beta.py): metric_cpu_usage=17.53% metric_memory_mb=130MB metric_response_time_ms=46ms - [2023-02-20 14:30:00] INFO - User logged in successfully with ID 12345.
2025-06-13T20:58:09.786050 [WARNING] (service_beta.py): metric_cpu_usage=33.41% metric_memory_mb=620MB metric_response_time_ms=378ms - WARNING: Unable to write data to user's profile due to missing disk space (available_space=1234, required_space=5678).
2025-06-13T20:58:10.714760 [DEBUG] (utils_gamma.py): metric_cpu_usage=30.38% metric_memory_mb=1037MB metric_response_time_ms=316ms - `DEBUG - Retrieved user data for ID 123 from database in 45ms.`
2025-06-13T20:58:11.298503 [WARNING] (utils_gamma.py): metric_cpu_usage=38.57% metric_memory_mb=1145MB metric_response_time_ms=293ms - WARNING: Unexpected error reading configuration file: /path/to/config.ini - No such file or directory
2025-06-13T20:58:11.948190 [ERROR] (module_alpha.py): metric_cpu_usage=69.64% metric_memory_mb=1773MB metric_response_time_ms=71ms - ERROR - Failed to authenticate user due to invalid username or password.
2025-06-13T20:58:12.403644 [WARNING] (module_alpha.py): metric_cpu_usage=16.23% metric_memory_mb=1798MB metric_response_time_ms=442ms - WARNING: Invalid user input for username field. User provided an email address instead of a username.
2025-06-13T20:58:13.052181 [CRITICAL] (utils_gamma.py): metric_cpu_usage=75.94% metric_memory_mb=1319MB metric_response_time_ms=360ms - CRITICAL - Database connection failed due to invalid username or password for host 'localhost' on port 5432.
2025-06-13T20:58:13.828237 [CRITICAL] (main_delta.py): metric_cpu_usage=17.18% metric_memory_mb=1308MB metric_response_time_ms=432ms - CRITICAL - An unexpected error occurred while processing payment information: TypeError at /checkout: can only concatenate str (not "float") to str
2025-06-13T20:58:14.747852 [ERROR] (main_delta.py): metric_cpu_usage=48.37% metric_memory_mb=1810MB metric_response_time_ms=95ms - Error occurred while connecting to MongoDB instance at atlas.mongodb.com:27017 due to invalid username and password credentials.
2025-06-13T20:58:15.492008 [DEBUG] (main_delta.py): metric_cpu_usage=34.73% metric_memory_mb=2042MB metric_response_time_ms=424ms - 2023-02-20 14:30:00 - DEBUG - Completed user authentication with username "admin" in 12ms.
2025-06-13T20:58:16.425965 [WARNING] (utils_gamma.py): metric_cpu_usage=68.92% metric_memory_mb=956MB metric_response_time_ms=432ms - Warning: Unable to connect to API endpoint due to connection timeout error.
2025-06-13T20:58:16.909977 [CRITICAL] (utils_gamma.py): metric_cpu_usage=11.25% metric_memory_mb=1003MB metric_response_time_ms=439ms - CRITICAL - Unable to connect to external API due to certificate verification failure.
2025-06-13T20:58:17.426308 [WARNING] (utils_gamma.py): metric_cpu_usage=67.68% metric_memory_mb=145MB metric_response_time_ms=113ms - WARNING: Unable to connect to Redis database due to connection timeout after 5 seconds.
2025-06-13T20:58:18.004856 [CRITICAL] (service_beta.py): metric_cpu_usage=65.59% metric_memory_mb=2031MB metric_response_time_ms=138ms - CRITICAL - Unable to establish connection with remote server at address "192.168.1.100" due to timeout error.
2025-06-13T20:58:18.879052 [WARNING] (utils_gamma.py): metric_cpu_usage=14.12% metric_memory_mb=1899MB metric_response_time_ms=263ms - WARNING Unable to validate SSL certificate for HTTPS connection to API endpoint due to self-signed certificate issue.
2025-06-13T20:58:19.523741 [INFO] (main_delta.py): metric_cpu_usage=54.57% metric_memory_mb=1098MB metric_response_time_ms=235ms - INFO - Connected to Redis server at localhost:6379 successfully.
2025-06-13T20:58:19.983465 [DEBUG] (module_alpha.py): metric_cpu_usage=16.3% metric_memory_mb=1278MB metric_response_time_ms=248ms - DEBUG - Retrieved 200 OK response from API endpoint /users/details for user ID 12345.
2025-06-13T20:58:20.683427 [WARNING] (service_beta.py): metric_cpu_usage=67.2% metric_memory_mb=1039MB metric_response_time_ms=258ms - WARNING: Invalid input format for user email, expected string but received NoneType.
2025-06-13T20:58:21.238313 [DEBUG] (utils_gamma.py): metric_cpu_usage=22.42% metric_memory_mb=891MB metric_response_time_ms=240ms - `DEBUG - Retrieving user data from MongoDB collection "users" with filter {"username": "john_doe"} `
2025-06-13T20:58:22.044162 [ERROR] (module_alpha.py): metric_cpu_usage=52.95% metric_memory_mb=509MB metric_response_time_ms=254ms - Error occurred while connecting to Redis server on port 6379: Connection refused
2025-06-13T20:58:22.565639 [INFO] (main_delta.py): metric_cpu_usage=47.93% metric_memory_mb=1935MB metric_response_time_ms=182ms - 2023-02-20 14:30:00 INFO - Completed processing 12 records in 0.05 seconds for report generation.
2025-06-13T20:58:23.534065 [ERROR] (service_beta.py): metric_cpu_usage=47.97% metric_memory_mb=1326MB metric_response_time_ms=259ms - Error occurred while processing payment: unable to charge credit card due to invalid expiration date.
2025-06-13T20:58:24.121878 [INFO] (utils_gamma.py): metric_cpu_usage=20.58% metric_memory_mb=1229MB metric_response_time_ms=183ms - INFO - Retrieved user data for user ID 1234 from database.
2025-06-13T20:58:24.605783 [ERROR] (module_alpha.py): metric_cpu_usage=19.35% metric_memory_mb=1390MB metric_response_time_ms=27ms - Error occurred while parsing JSON response from API: invalid response format received for user profile update request.
2025-06-13T20:58:25.249228 [INFO] (utils_gamma.py): metric_cpu_usage=70.98% metric_memory_mb=2020MB metric_response_time_ms=141ms - 2023-02-20 14:30:00 INFO - Successfully validated user credentials for username 'admin'.
2025-06-13T20:58:26.029028 [INFO] (module_alpha.py): metric_cpu_usage=6.76% metric_memory_mb=1818MB metric_response_time_ms=166ms - 2023-02-20 14:30:00 INFO Successfully fetched user data for ID 1234 from MySQL database at localhost:3306.
2025-06-13T20:58:27.057883 [DEBUG] (main_delta.py): metric_cpu_usage=47.39% metric_memory_mb=198MB metric_response_time_ms=125ms - DEBUG - Retrieved user details for session ID: ABC123 from authentication server.
2025-06-13T20:58:27.590587 [WARNING] (module_alpha.py): metric_cpu_usage=26.85% metric_memory_mb=769MB metric_response_time_ms=194ms - WARNING: Invalid input format for JSON payload, expected dictionary but received string instead.
2025-06-13T20:58:28.150564 [INFO] (main_delta.py): metric_cpu_usage=31.38% metric_memory_mb=173MB metric_response_time_ms=350ms - INFO - User logged in successfully with username "johndoe".
2025-06-13T20:58:28.642828 [CRITICAL] (utils_gamma.py): metric_cpu_usage=67.45% metric_memory_mb=1631MB metric_response_time_ms=51ms - CRITICAL - Connection timeout error occurred while connecting to database server at IP address 192.168.1.100 on port 5432.
2025-06-13T20:58:29.621654 [INFO] (utils_gamma.py): metric_cpu_usage=65.94% metric_memory_mb=1194MB metric_response_time_ms=130ms - INFO - User authenticated successfully with credentials username=john, password=hashed_password123
2025-06-13T20:58:30.180912 [WARNING] (main_delta.py): metric_cpu_usage=33.07% metric_memory_mb=280MB metric_response_time_ms=52ms - WARNING: Connection timeout exceeded for remote server at IP address 192.168.1.100 - reestablishing connection in 5 seconds.
2025-06-13T20:58:31.159952 [WARNING] (utils_gamma.py): metric_cpu_usage=49.78% metric_memory_mb=475MB metric_response_time_ms=417ms - WARNING: Connection timeout occurred when trying to establish a secure connection with the external API at api.example.com:443. Retrying in 5 seconds...
2025-06-13T20:58:32.166058 [INFO] (main_delta.py): metric_cpu_usage=71.92% metric_memory_mb=390MB metric_response_time_ms=352ms - 2023-02-20 14:30:00 INFO - User john logged in successfully from IP address 192.168.1.100 with user agent Mozilla/5.0 (Windows NT 10.0; Win64; x64) AppleWebKit/537.36 (KHTML, like Gecko) Chrome/58.0.3029.110 Safari/537.3
2025-06-13T20:58:34.697367 [ERROR] (utils_gamma.py): metric_cpu_usage=48.36% metric_memory_mb=1010MB metric_response_time_ms=481ms - Error occurred while processing payment for order #1234: unable to connect to payment gateway due to invalid API credentials.
2025-06-13T20:58:35.488541 [INFO] (main_delta.py): metric_cpu_usage=60.84% metric_memory_mb=2009MB metric_response_time_ms=65ms - INFO - User with ID 1234 logged in successfully from IP address 192.168.1.100 using username admin
2025-06-13T20:58:36.343745 [DEBUG] (module_alpha.py): metric_cpu_usage=7.91% metric_memory_mb=908MB metric_response_time_ms=331ms - DEBUG - Retrieved user data for username 'john_doe' from database at localhost:5432 in 12ms
2025-06-13T20:58:37.135415 [DEBUG] (module_alpha.py): metric_cpu_usage=65.41% metric_memory_mb=1955MB metric_response_time_ms=225ms - DEBUG - Retrieved user credentials from configuration file: username=john_doe, password=secret_key123
2025-06-13T20:58:37.821386 [ERROR] (module_alpha.py): metric_cpu_usage=71.28% metric_memory_mb=639MB metric_response_time_ms=379ms - ERROR - Failed to connect to external API due to invalid JSON response from https://api.example.com/data
2025-06-13T20:58:38.519592 [ERROR] (utils_gamma.py): metric_cpu_usage=50.91% metric_memory_mb=759MB metric_response_time_ms=224ms - Error occurred while connecting to Redis server at redis://localhost:6379 due to invalid password.
2025-06-13T20:58:39.171874 [ERROR] (utils_gamma.py): metric_cpu_usage=42.27% metric_memory_mb=719MB metric_response_time_ms=168ms - Error occurred while fetching user data from MongoDB: invalid credentials provided for cluster "mycluster"
2025-06-13T20:58:39.792193 [DEBUG] (service_beta.py): metric_cpu_usage=53.47% metric_memory_mb=1902MB metric_response_time_ms=149ms - DEBUG - Retrieved user credentials from cache for user ID: 12345
2025-06-13T20:58:40.303035 [CRITICAL] (utils_gamma.py): metric_cpu_usage=72.12% metric_memory_mb=1010MB metric_response_time_ms=187ms - CRITICAL - Database connection error: Unable to connect to PostgreSQL database at 'localhost:5432' due to 'connection timeout'.
2025-06-13T20:58:41.199627 [DEBUG] (main_delta.py): metric_cpu_usage=67.6% metric_memory_mb=1550MB metric_response_time_ms=268ms - 2023-02-20 14:30:00 DEBUG - Retrieved user credentials from authentication service successfully. User ID: U12345, Access Token: ABCDEFGHIJKLMNO.
2025-06-13T20:58:42.525917 [WARNING] (utils_gamma.py): metric_cpu_usage=21.17% metric_memory_mb=615MB metric_response_time_ms=230ms - WARNING: Invalid user input for field 'age' - cannot parse value 'twenty five'.
2025-06-13T20:58:43.161862 [CRITICAL] (main_delta.py): metric_cpu_usage=47.28% metric_memory_mb=620MB metric_response_time_ms=388ms - CRITICAL - Failed to authenticate user with username "admin" due to invalid credentials
2025-06-13T20:58:43.725164 [WARNING] (module_alpha.py): metric_cpu_usage=50.79% metric_memory_mb=1912MB metric_response_time_ms=223ms - WARNING: Unable to send notification email due to authentication error with SMTP server.
2025-06-13T20:58:44.248001 [ERROR] (module_alpha.py): metric_cpu_usage=32.89% metric_memory_mb=1589MB metric_response_time_ms=202ms - 2023-02-20 14:30:00,000 ERROR failed to authenticate user with email johndoe@example.com due to invalid password
2025-06-13T20:58:45.280763 [INFO] (service_beta.py): metric_cpu_usage=75.13% metric_memory_mb=1219MB metric_response_time_ms=250ms - INFO - User with ID 1234 logged in successfully from IP address 192.168.1.100
2025-06-13T20:58:46.046220 [ERROR] (module_alpha.py): metric_cpu_usage=74.4% metric_memory_mb=144MB metric_response_time_ms=58ms - Error occurred while validating user input for username: 'admin'. Invalid characters detected.
2025-06-13T20:58:46.613607 [INFO] (utils_gamma.py): metric_cpu_usage=65.1% metric_memory_mb=959MB metric_response_time_ms=233ms - INFO - User authenticated successfully with username "admin" and IP address "192.168.1.100".
2025-06-13T20:58:47.377095 [INFO] (main_delta.py): metric_cpu_usage=24.12% metric_memory_mb=1666MB metric_response_time_ms=183ms - INFO - User authenticated successfully with username john_doe.
2025-06-13T20:58:47.774232 [WARNING] (module_alpha.py): metric_cpu_usage=23.87% metric_memory_mb=1793MB metric_response_time_ms=322ms - WARNING: Failed to validate user input for username due to invalid characters in name "John!"
2025-06-13T20:58:48.403010 [WARNING] (service_beta.py): metric_cpu_usage=44.78% metric_memory_mb=362MB metric_response_time_ms=354ms - WARNING: Invalid argument provided for sorting operation on user table; defaulting to lexicographical order.
2025-06-13T20:58:49.081645 [WARNING] (module_alpha.py): metric_cpu_usage=65.91% metric_memory_mb=1403MB metric_response_time_ms=248ms - WARNING: Unable to connect to Redis server at redis://localhost:6379 due to connection timeout.
2025-06-13T20:58:49.762427 [INFO] (utils_gamma.py): metric_cpu_usage=56.02% metric_memory_mb=759MB metric_response_time_ms=97ms - INFO - User 'admin' logged in successfully from IP address 192.168.1.100.
2025-06-13T20:58:50.494236 [INFO] (main_delta.py): metric_cpu_usage=7.0% metric_memory_mb=1083MB metric_response_time_ms=337ms - INFO - Retrieved user data for ID 123 from database in 0.05 seconds
2025-06-13T20:58:51.087451 [INFO] (utils_gamma.py): metric_cpu_usage=46.36% metric_memory_mb=1473MB metric_response_time_ms=98ms - 2023-02-20 14:30:00 INFO - User with ID 12345 successfully logged in from IP address 192.168.1.100.
2025-06-13T20:58:52.254822 [DEBUG] (main_delta.py): metric_cpu_usage=68.11% metric_memory_mb=369MB metric_response_time_ms=276ms - DEBUG - Retrieved 10 rows from query 'SELECT * FROM users' in 34ms
2025-06-13T20:58:52.901493 [INFO] (utils_gamma.py): metric_cpu_usage=26.67% metric_memory_mb=1290MB metric_response_time_ms=153ms - 2019-02-15 14:30:00 INFO - User with ID 12345 successfully logged in from IP address 192.168.1.100 using browser Mozilla/5.0 (Windows NT 10.0; Win64; x64) AppleWebKit/537.36 (KHTML, like Gecko) Chrome/58.0.3029.110 Safari/537.3
2025-06-13T20:58:55.564050 [CRITICAL] (module_alpha.py): metric_cpu_usage=19.03% metric_memory_mb=1358MB metric_response_time_ms=26ms - CRITICAL - Unable to connect to remote API endpoint due to invalid SSL certificate: hostname 'api.example.com' doesn't match expected 'api-dev.example.com'.
2025-06-13T20:58:56.656756 [DEBUG] (service_beta.py): metric_cpu_usage=75.59% metric_memory_mb=1543MB metric_response_time_ms=145ms - DEBUG - Established connection with RabbitMQ server at amqp://guest:guest@localhost:5672/
2025-06-13T20:58:57.383321 [WARNING] (main_delta.py): metric_cpu_usage=9.4% metric_memory_mb=1124MB metric_response_time_ms=416ms - WARNING: File upload timed out for file '/path/to/file/doc.zip' due to socket error.
2025-06-13T20:58:58.075757 [CRITICAL] (utils_gamma.py): metric_cpu_usage=37.45% metric_memory_mb=1428MB metric_response_time_ms=81ms - CRITICAL - Invalid password provided for admin user during login attempt.
